e:\moje programy\c++\playermusic\playermusic\x64\debug\vc140.pdb
e:\moje programy\c++\playermusic\playermusic\x64\debug\mainwindows.obj
e:\moje programy\c++\playermusic\playermusic\x64\debug\topbar.obj
e:\moje programy\c++\playermusic\playermusic\x64\debug\main.obj
e:\moje programy\c++\playermusic\playermusic\x64\debug\moc_topbar.obj
e:\moje programy\c++\playermusic\playermusic\x64\debug\moc_mainwindows.obj
e:\moje programy\c++\playermusic\playermusic\x64\debug\qrc_mainwindows.obj
e:\moje programy\c++\playermusic\playermusic\generatedfiles\debug\moc_mainwindows.cpp
e:\moje programy\c++\playermusic\playermusic\generatedfiles\ui_mainwindows.h
e:\moje programy\c++\playermusic\playermusic\generatedfiles\qrc_mainwindows.cpp
e:\moje programy\c++\playermusic\playermusic\generatedfiles\debug\moc_topbar.cpp
e:\moje programy\c++\playermusic\x64\debug\playermusic.ilk
e:\moje programy\c++\playermusic\x64\debug\playermusic.exe
e:\moje programy\c++\playermusic\x64\debug\playermusic.pdb
d:\moje programy\c++\playermusic\playermusic\x64\debug\main.obj
d:\moje programy\c++\playermusic\playermusic\x64\debug\mainwindows.obj
d:\moje programy\c++\playermusic\playermusic\x64\debug\moc_mainwindows.obj
d:\moje programy\c++\playermusic\playermusic\x64\debug\moc_topbar.obj
d:\moje programy\c++\playermusic\playermusic\x64\debug\qrc_mainwindows.obj
d:\moje programy\c++\playermusic\playermusic\x64\debug\topbar.obj
d:\moje programy\c++\playermusic\playermusic\x64\debug\vc140.pdb
d:\moje programy\c++\playermusic\x64\debug\playermusic.pdb
d:\moje programy\c++\playermusic\x64\debug\playermusic.exe
d:\moje programy\c++\playermusic\x64\debug\playermusic.ilk
d:\moje programy\c++\playermusic\playermusic\x64\debug\playermusic.tlog\cl.command.1.tlog
d:\moje programy\c++\playermusic\playermusic\x64\debug\playermusic.tlog\cl.read.1.tlog
d:\moje programy\c++\playermusic\playermusic\x64\debug\playermusic.tlog\cl.write.1.tlog
d:\moje programy\c++\playermusic\playermusic\x64\debug\playermusic.tlog\custombuild.command.1.tlog
d:\moje programy\c++\playermusic\playermusic\x64\debug\playermusic.tlog\custombuild.read.1.tlog
d:\moje programy\c++\playermusic\playermusic\x64\debug\playermusic.tlog\custombuild.write.1.tlog
d:\moje programy\c++\playermusic\playermusic\x64\debug\playermusic.tlog\link.command.1.tlog
d:\moje programy\c++\playermusic\playermusic\x64\debug\playermusic.tlog\link.read.1.tlog
d:\moje programy\c++\playermusic\playermusic\x64\debug\playermusic.tlog\link.write.1.tlog
